<?xml version="1.0" encoding="UTF-8"?>
<!-- Generated by org.testng.reporters.JUnitReportReporter -->
<testsuite skipped="0" hostname="GGN000190162001" name="Runners.TestRunner" tests="4" failures="0" timestamp="21 Oct 2019 07:31:07 GMT" time="0.128" errors="0">
  <testcase name="runScenario" time="0.002" classname="Runners.TestRunner"/>
  <testcase name="runScenario" time="0.001" classname="Runners.TestRunner"/>
  <testcase name="runScenario" time="0.001" classname="Runners.TestRunner"/>
  <testcase name="runScenario" time="0.124" classname="Runners.TestRunner"/>
</testsuite> <!-- Runners.TestRunner -->
