<?xml version="1.0" encoding="UTF-8"?>
<!-- Generated by org.testng.reporters.JUnitReportReporter -->
<testsuite hostname="Karan-Pc" failures="0" tests="4" name="Runners.TestRunner" time="0.369" errors="0" timestamp="21 Oct 2019 14:11:23 GMT" skipped="0">
  <testcase classname="Runners.TestRunner" name="runScenario" time="0.002"/>
  <testcase classname="Runners.TestRunner" name="runScenario" time="0.360"/>
  <testcase classname="Runners.TestRunner" name="runScenario" time="0.003"/>
  <testcase classname="Runners.TestRunner" name="runScenario" time="0.004"/>
</testsuite> <!-- Runners.TestRunner -->
